mode: set
github.com/alanzhumalin/bank/internal/service/account_service.go:17.74,19.2 1 0
github.com/alanzhumalin/bank/internal/service/account_service.go:21.90,25.16 2 0
github.com/alanzhumalin/bank/internal/service/account_service.go:25.16,27.3 1 0
github.com/alanzhumalin/bank/internal/service/account_service.go:29.2,29.11 1 0
github.com/alanzhumalin/bank/internal/service/account_service.go:29.11,31.3 1 0
github.com/alanzhumalin/bank/internal/service/account_service.go:33.2,33.63 1 0
github.com/alanzhumalin/bank/internal/service/account_service.go:33.63,35.3 1 0
github.com/alanzhumalin/bank/internal/service/account_service.go:37.2,37.12 1 0
github.com/alanzhumalin/bank/internal/service/account_service.go:40.109,43.16 2 0
github.com/alanzhumalin/bank/internal/service/account_service.go:43.16,45.3 1 0
github.com/alanzhumalin/bank/internal/service/account_service.go:47.2,49.27 2 0
github.com/alanzhumalin/bank/internal/service/account_service.go:49.27,51.3 1 0
github.com/alanzhumalin/bank/internal/service/account_service.go:53.2,53.16 1 0
github.com/alanzhumalin/bank/internal/service/account_service.go:56.72,60.16 3 0
github.com/alanzhumalin/bank/internal/service/account_service.go:60.16,62.3 1 0
github.com/alanzhumalin/bank/internal/service/account_service.go:64.2,64.12 1 0
github.com/alanzhumalin/bank/internal/service/account_service.go:67.88,69.16 2 0
github.com/alanzhumalin/bank/internal/service/account_service.go:69.16,71.3 1 0
github.com/alanzhumalin/bank/internal/service/account_service.go:73.2,75.31 2 0
github.com/alanzhumalin/bank/internal/service/account_service.go:75.31,78.3 1 0
github.com/alanzhumalin/bank/internal/service/account_service.go:80.2,80.16 1 0
github.com/alanzhumalin/bank/internal/service/auth_service.go:23.160,25.2 1 0
github.com/alanzhumalin/bank/internal/service/auth_service.go:27.128,31.68 2 0
github.com/alanzhumalin/bank/internal/service/auth_service.go:31.68,42.17 4 0
github.com/alanzhumalin/bank/internal/service/auth_service.go:42.17,44.4 1 0
github.com/alanzhumalin/bank/internal/service/auth_service.go:46.3,48.17 3 0
github.com/alanzhumalin/bank/internal/service/auth_service.go:48.17,50.4 1 0
github.com/alanzhumalin/bank/internal/service/auth_service.go:51.3,52.17 2 0
github.com/alanzhumalin/bank/internal/service/auth_service.go:52.17,54.4 1 0
github.com/alanzhumalin/bank/internal/service/auth_service.go:56.3,70.17 4 0
github.com/alanzhumalin/bank/internal/service/auth_service.go:70.17,72.4 1 0
github.com/alanzhumalin/bank/internal/service/auth_service.go:74.3,79.13 2 0
github.com/alanzhumalin/bank/internal/service/auth_service.go:81.17,83.3 1 0
github.com/alanzhumalin/bank/internal/service/auth_service.go:85.2,85.19 1 0
github.com/alanzhumalin/bank/internal/service/auth_service.go:88.122,92.16 2 0
github.com/alanzhumalin/bank/internal/service/auth_service.go:92.16,94.3 1 0
github.com/alanzhumalin/bank/internal/service/auth_service.go:95.2,97.99 2 0
github.com/alanzhumalin/bank/internal/service/auth_service.go:97.99,99.3 1 0
github.com/alanzhumalin/bank/internal/service/auth_service.go:100.2,103.16 3 0
github.com/alanzhumalin/bank/internal/service/auth_service.go:103.16,105.3 1 0
github.com/alanzhumalin/bank/internal/service/auth_service.go:106.2,107.16 2 0
github.com/alanzhumalin/bank/internal/service/auth_service.go:107.16,109.3 1 0
github.com/alanzhumalin/bank/internal/service/auth_service.go:111.2,123.63 3 0
github.com/alanzhumalin/bank/internal/service/auth_service.go:123.63,125.3 1 0
github.com/alanzhumalin/bank/internal/service/auth_service.go:127.2,130.8 1 0
github.com/alanzhumalin/bank/internal/service/auth_service.go:133.114,138.68 3 0
github.com/alanzhumalin/bank/internal/service/auth_service.go:138.68,142.17 2 0
github.com/alanzhumalin/bank/internal/service/auth_service.go:142.17,144.4 1 0
github.com/alanzhumalin/bank/internal/service/auth_service.go:146.3,148.17 2 0
github.com/alanzhumalin/bank/internal/service/auth_service.go:148.17,150.4 1 0
github.com/alanzhumalin/bank/internal/service/auth_service.go:152.3,152.88 1 0
github.com/alanzhumalin/bank/internal/service/auth_service.go:152.88,154.4 1 0
github.com/alanzhumalin/bank/internal/service/auth_service.go:156.3,156.43 1 0
github.com/alanzhumalin/bank/internal/service/auth_service.go:156.43,158.4 1 0
github.com/alanzhumalin/bank/internal/service/auth_service.go:160.3,160.24 1 0
github.com/alanzhumalin/bank/internal/service/auth_service.go:160.24,162.4 1 0
github.com/alanzhumalin/bank/internal/service/auth_service.go:164.3,166.17 2 0
github.com/alanzhumalin/bank/internal/service/auth_service.go:166.17,168.4 1 0
github.com/alanzhumalin/bank/internal/service/auth_service.go:170.3,171.17 2 0
github.com/alanzhumalin/bank/internal/service/auth_service.go:171.17,173.4 1 0
github.com/alanzhumalin/bank/internal/service/auth_service.go:175.3,177.103 2 0
github.com/alanzhumalin/bank/internal/service/auth_service.go:177.103,179.4 1 0
github.com/alanzhumalin/bank/internal/service/auth_service.go:181.3,186.13 3 0
github.com/alanzhumalin/bank/internal/service/auth_service.go:188.17,190.3 1 0
github.com/alanzhumalin/bank/internal/service/auth_service.go:192.2,192.24 1 0
github.com/alanzhumalin/bank/internal/service/auth_service.go:196.75,198.2 1 0
github.com/alanzhumalin/bank/internal/service/auth_service.go:200.83,202.2 1 0
github.com/alanzhumalin/bank/internal/service/currency_service.go:16.77,18.2 1 0
github.com/alanzhumalin/bank/internal/service/currency_service.go:20.95,23.16 2 0
github.com/alanzhumalin/bank/internal/service/currency_service.go:23.16,25.3 1 0
github.com/alanzhumalin/bank/internal/service/currency_service.go:27.2,27.11 1 0
github.com/alanzhumalin/bank/internal/service/currency_service.go:27.11,29.3 1 0
github.com/alanzhumalin/bank/internal/service/currency_service.go:31.2,35.16 3 0
github.com/alanzhumalin/bank/internal/service/currency_service.go:35.16,37.3 1 0
github.com/alanzhumalin/bank/internal/service/currency_service.go:39.2,39.12 1 0
github.com/alanzhumalin/bank/internal/service/currency_service.go:42.69,45.16 2 0
github.com/alanzhumalin/bank/internal/service/currency_service.go:45.16,47.3 1 0
github.com/alanzhumalin/bank/internal/service/currency_service.go:49.2,49.12 1 0
github.com/alanzhumalin/bank/internal/service/currency_service.go:52.93,55.16 2 0
github.com/alanzhumalin/bank/internal/service/currency_service.go:55.16,57.3 1 0
github.com/alanzhumalin/bank/internal/service/currency_service.go:59.2,59.12 1 0
github.com/alanzhumalin/bank/internal/service/currency_service.go:62.90,65.16 2 0
github.com/alanzhumalin/bank/internal/service/currency_service.go:65.16,67.3 1 0
github.com/alanzhumalin/bank/internal/service/currency_service.go:69.2,71.26 2 0
github.com/alanzhumalin/bank/internal/service/currency_service.go:71.26,73.3 1 0
github.com/alanzhumalin/bank/internal/service/currency_service.go:75.2,75.24 1 0
github.com/alanzhumalin/bank/internal/service/currency_service.go:78.97,82.16 2 0
github.com/alanzhumalin/bank/internal/service/currency_service.go:82.16,84.3 1 0
github.com/alanzhumalin/bank/internal/service/currency_service.go:86.2,88.15 2 0
github.com/alanzhumalin/bank/internal/service/deposit_service.go:18.212,25.2 1 0
github.com/alanzhumalin/bank/internal/service/deposit_service.go:27.99,28.66 1 0
github.com/alanzhumalin/bank/internal/service/deposit_service.go:28.66,32.17 2 0
github.com/alanzhumalin/bank/internal/service/deposit_service.go:32.17,34.4 1 0
github.com/alanzhumalin/bank/internal/service/deposit_service.go:36.3,36.20 1 0
github.com/alanzhumalin/bank/internal/service/deposit_service.go:36.20,38.4 1 0
github.com/alanzhumalin/bank/internal/service/deposit_service.go:40.3,49.17 2 0
github.com/alanzhumalin/bank/internal/service/deposit_service.go:49.17,51.4 1 0
github.com/alanzhumalin/bank/internal/service/deposit_service.go:53.3,53.76 1 0
github.com/alanzhumalin/bank/internal/service/deposit_service.go:53.76,55.4 1 0
github.com/alanzhumalin/bank/internal/service/deposit_service.go:57.3,62.18 1 0
github.com/alanzhumalin/bank/internal/service/deposit_service.go:62.18,64.4 1 0
github.com/alanzhumalin/bank/internal/service/deposit_service.go:66.3,66.110 1 0
github.com/alanzhumalin/bank/internal/service/deposit_service.go:66.110,68.4 1 0
github.com/alanzhumalin/bank/internal/service/deposit_service.go:70.3,70.13 1 0
github.com/alanzhumalin/bank/internal/service/transaction_service.go:17.86,21.2 1 0
github.com/alanzhumalin/bank/internal/service/transaction_service.go:23.182,28.16 3 0
github.com/alanzhumalin/bank/internal/service/transaction_service.go:28.16,30.3 1 0
github.com/alanzhumalin/bank/internal/service/transaction_service.go:32.2,34.16 2 0
github.com/alanzhumalin/bank/internal/service/transaction_service.go:34.16,36.3 1 0
github.com/alanzhumalin/bank/internal/service/transaction_service.go:38.2,40.13 2 0
github.com/alanzhumalin/bank/internal/service/transaction_service.go:40.13,42.3 1 0
github.com/alanzhumalin/bank/internal/service/transaction_service.go:44.2,46.13 2 0
github.com/alanzhumalin/bank/internal/service/transaction_service.go:46.13,52.17 2 0
github.com/alanzhumalin/bank/internal/service/transaction_service.go:52.17,54.4 1 0
github.com/alanzhumalin/bank/internal/service/transaction_service.go:56.3,56.29 1 0
github.com/alanzhumalin/bank/internal/service/transaction_service.go:59.2,61.26 2 0
github.com/alanzhumalin/bank/internal/service/transaction_service.go:61.26,63.3 1 0
github.com/alanzhumalin/bank/internal/service/transaction_service.go:65.2,74.17 2 0
github.com/alanzhumalin/bank/internal/service/transaction_service.go:78.185,81.16 2 0
github.com/alanzhumalin/bank/internal/service/transaction_service.go:81.16,83.3 1 0
github.com/alanzhumalin/bank/internal/service/transaction_service.go:85.2,89.16 3 0
github.com/alanzhumalin/bank/internal/service/transaction_service.go:89.16,91.3 1 0
github.com/alanzhumalin/bank/internal/service/transaction_service.go:93.2,93.34 1 0
github.com/alanzhumalin/bank/internal/service/transaction_service.go:93.34,95.3 1 0
github.com/alanzhumalin/bank/internal/service/transaction_service.go:97.2,99.13 2 0
github.com/alanzhumalin/bank/internal/service/transaction_service.go:99.13,101.3 1 0
github.com/alanzhumalin/bank/internal/service/transaction_service.go:103.2,105.29 2 0
github.com/alanzhumalin/bank/internal/service/transaction_service.go:105.29,111.17 2 0
github.com/alanzhumalin/bank/internal/service/transaction_service.go:111.17,113.4 1 0
github.com/alanzhumalin/bank/internal/service/transaction_service.go:114.3,114.29 1 0
github.com/alanzhumalin/bank/internal/service/transaction_service.go:117.2,119.26 2 0
github.com/alanzhumalin/bank/internal/service/transaction_service.go:119.26,121.3 1 0
github.com/alanzhumalin/bank/internal/service/transaction_service.go:123.2,132.17 2 0
github.com/alanzhumalin/bank/internal/service/transaction_service.go:135.94,138.16 2 0
github.com/alanzhumalin/bank/internal/service/transaction_service.go:138.16,140.3 1 0
github.com/alanzhumalin/bank/internal/service/transaction_service.go:142.2,144.26 2 0
github.com/alanzhumalin/bank/internal/service/transaction_service.go:144.26,146.3 1 0
github.com/alanzhumalin/bank/internal/service/transaction_service.go:148.2,148.16 1 0
github.com/alanzhumalin/bank/internal/service/transfer_service.go:18.219,20.2 1 1
github.com/alanzhumalin/bank/internal/service/transfer_service.go:22.92,24.65 1 1
github.com/alanzhumalin/bank/internal/service/transfer_service.go:24.65,27.17 2 1
github.com/alanzhumalin/bank/internal/service/transfer_service.go:27.17,29.4 1 0
github.com/alanzhumalin/bank/internal/service/transfer_service.go:31.3,31.40 1 1
github.com/alanzhumalin/bank/internal/service/transfer_service.go:31.40,33.4 1 0
github.com/alanzhumalin/bank/internal/service/transfer_service.go:35.3,35.21 1 1
github.com/alanzhumalin/bank/internal/service/transfer_service.go:35.21,37.4 1 0
github.com/alanzhumalin/bank/internal/service/transfer_service.go:39.3,39.40 1 1
github.com/alanzhumalin/bank/internal/service/transfer_service.go:39.40,41.4 1 0
github.com/alanzhumalin/bank/internal/service/transfer_service.go:42.3,42.21 1 1
github.com/alanzhumalin/bank/internal/service/transfer_service.go:42.21,44.4 1 0
github.com/alanzhumalin/bank/internal/service/transfer_service.go:46.3,46.40 1 1
github.com/alanzhumalin/bank/internal/service/transfer_service.go:46.40,48.4 1 0
github.com/alanzhumalin/bank/internal/service/transfer_service.go:50.3,69.17 4 1
github.com/alanzhumalin/bank/internal/service/transfer_service.go:69.17,71.4 1 0
github.com/alanzhumalin/bank/internal/service/transfer_service.go:73.3,73.80 1 1
github.com/alanzhumalin/bank/internal/service/transfer_service.go:73.80,75.4 1 0
github.com/alanzhumalin/bank/internal/service/transfer_service.go:77.3,77.80 1 1
github.com/alanzhumalin/bank/internal/service/transfer_service.go:77.80,80.4 1 0
github.com/alanzhumalin/bank/internal/service/transfer_service.go:82.3,98.73 3 1
github.com/alanzhumalin/bank/internal/service/transfer_service.go:98.73,100.4 1 0
github.com/alanzhumalin/bank/internal/service/transfer_service.go:102.3,102.26 1 1
github.com/alanzhumalin/bank/internal/service/transfer_service.go:102.26,103.119 1 1
github.com/alanzhumalin/bank/internal/service/transfer_service.go:103.119,105.5 1 0
github.com/alanzhumalin/bank/internal/service/transfer_service.go:108.3,108.13 1 1
github.com/alanzhumalin/bank/internal/service/user_service.go:18.85,22.2 1 0
github.com/alanzhumalin/bank/internal/service/user_service.go:24.74,27.16 2 0
github.com/alanzhumalin/bank/internal/service/user_service.go:27.16,29.3 1 0
github.com/alanzhumalin/bank/internal/service/user_service.go:30.2,32.28 2 0
github.com/alanzhumalin/bank/internal/service/user_service.go:32.28,34.3 1 0
github.com/alanzhumalin/bank/internal/service/user_service.go:36.2,36.16 1 0
github.com/alanzhumalin/bank/internal/service/user_service.go:40.99,44.12 2 0
github.com/alanzhumalin/bank/internal/service/user_service.go:44.12,46.3 1 0
github.com/alanzhumalin/bank/internal/service/user_service.go:48.2,49.16 2 0
github.com/alanzhumalin/bank/internal/service/user_service.go:49.16,51.3 1 0
github.com/alanzhumalin/bank/internal/service/user_service.go:52.2,62.16 3 0
github.com/alanzhumalin/bank/internal/service/user_service.go:62.16,64.3 1 0
github.com/alanzhumalin/bank/internal/service/user_service.go:66.2,66.22 1 0
github.com/alanzhumalin/bank/internal/service/user_service.go:69.65,71.2 1 0
github.com/alanzhumalin/bank/internal/service/user_service.go:73.75,75.2 1 0
github.com/alanzhumalin/bank/internal/service/user_service.go:77.90,80.16 2 0
github.com/alanzhumalin/bank/internal/service/user_service.go:80.16,82.3 1 0
github.com/alanzhumalin/bank/internal/service/user_service.go:84.2,94.18 2 0
github.com/alanzhumalin/bank/internal/service/withdrawal_service.go:19.227,21.2 1 0
github.com/alanzhumalin/bank/internal/service/withdrawal_service.go:23.95,24.65 1 0
github.com/alanzhumalin/bank/internal/service/withdrawal_service.go:24.65,27.17 2 0
github.com/alanzhumalin/bank/internal/service/withdrawal_service.go:27.17,29.4 1 0
github.com/alanzhumalin/bank/internal/service/withdrawal_service.go:31.3,31.24 1 0
github.com/alanzhumalin/bank/internal/service/withdrawal_service.go:31.24,33.4 1 0
github.com/alanzhumalin/bank/internal/service/withdrawal_service.go:35.3,35.43 1 0
github.com/alanzhumalin/bank/internal/service/withdrawal_service.go:35.43,37.4 1 0
github.com/alanzhumalin/bank/internal/service/withdrawal_service.go:39.3,46.17 2 0
github.com/alanzhumalin/bank/internal/service/withdrawal_service.go:46.17,48.4 1 0
github.com/alanzhumalin/bank/internal/service/withdrawal_service.go:50.3,50.86 1 0
github.com/alanzhumalin/bank/internal/service/withdrawal_service.go:50.86,52.4 1 0
github.com/alanzhumalin/bank/internal/service/withdrawal_service.go:54.3,59.18 1 0
github.com/alanzhumalin/bank/internal/service/withdrawal_service.go:59.18,61.4 1 0
github.com/alanzhumalin/bank/internal/service/withdrawal_service.go:63.3,63.129 1 0
github.com/alanzhumalin/bank/internal/service/withdrawal_service.go:63.129,65.4 1 0
github.com/alanzhumalin/bank/internal/service/withdrawal_service.go:67.3,67.13 1 0
